# JRE version: Java(TM) SE Runtime Environment (12.0.2+10) (build 12.0.2+10)
# Java VM: Java HotSpot(TM) 64-Bit Server VM (12.0.2+10, mixed mode, sharing, tiered, compressed oops, g1 gc, windows-amd64)
Heap:
 garbage-first heap   total 65536K, used 14046K [0x00000000c1200000, 0x0000000100000000)
  region size 1024K, 10 young (10240K), 4 survivors (4096K)
 Metaspace       used 7534K, capacity 8097K, committed 8192K, reserved 1056768K
  class space    used 825K, capacity 1009K, committed 1024K, reserved 1048576K
GC Heap History (10 events):
Event: 1.055 GC heap before
{Heap before GC invocations=0 (full 0):
 garbage-first heap   total 65536K, used 14336K [0x00000000c1200000, 0x0000000100000000)
  region size 1024K, 14 young (14336K), 0 survivors (0K)
 Metaspace       used 3687K, capacity 5328K, committed 5376K, reserved 1056768K
  class space    used 332K, capacity 496K, committed 512K, reserved 1048576K
}
Event: 1.067 GC heap after
{Heap after GC invocations=1 (full 0):
 garbage-first heap   total 65536K, used 2157K [0x00000000c1200000, 0x0000000100000000)
  region size 1024K, 2 young (2048K), 2 survivors (2048K)
 Metaspace       used 3687K, capacity 5328K, committed 5376K, reserved 1056768K
  class space    used 332K, capacity 496K, committed 512K, reserved 1048576K
}
Event: 2.692 GC heap before
{Heap before GC invocations=1 (full 0):
 garbage-first heap   total 65536K, used 39021K [0x00000000c1200000, 0x0000000100000000)
  region size 1024K, 38 young (38912K), 2 survivors (2048K)
 Metaspace       used 7313K, capacity 7809K, committed 7936K, reserved 1056768K
  class space    used 814K, capacity 977K, committed 1024K, reserved 1048576K
}
Event: 2.706 GC heap after
{Heap after GC invocations=2 (full 0):
 garbage-first heap   total 65536K, used 5268K [0x00000000c1200000, 0x0000000100000000)
  region size 1024K, 5 young (5120K), 5 survivors (5120K)
 Metaspace       used 7313K, capacity 7809K, committed 7936K, reserved 1056768K
  class space    used 814K, capacity 977K, committed 1024K, reserved 1048576K
}
Event: 2.969 GC heap before
{Heap before GC invocations=2 (full 0):
 garbage-first heap   total 65536K, used 39060K [0x00000000c1200000, 0x0000000100000000)
  region size 1024K, 38 young (38912K), 5 survivors (5120K)
 Metaspace       used 7341K, capacity 7809K, committed 7936K, reserved 1056768K
  class space    used 814K, capacity 977K, committed 1024K, reserved 1048576K
}
Event: 2.983 GC heap after
{Heap after GC invocations=3 (full 0):
 garbage-first heap   total 65536K, used 6941K [0x00000000c1200000, 0x0000000100000000)
  region size 1024K, 2 young (2048K), 2 survivors (2048K)
 Metaspace       used 7341K, capacity 7809K, committed 7936K, reserved 1056768K
  class space    used 814K, capacity 977K, committed 1024K, reserved 1048576K
}
Event: 3.107 GC heap before
{Heap before GC invocations=3 (full 0):
 garbage-first heap   total 65536K, used 42781K [0x00000000c1200000, 0x0000000100000000)
  region size 1024K, 37 young (37888K), 2 survivors (2048K)
 Metaspace       used 7341K, capacity 7809K, committed 7936K, reserved 1056768K
  class space    used 814K, capacity 977K, committed 1024K, reserved 1048576K
}
Event: 3.112 GC heap after
{Heap after GC invocations=4 (full 0):
 garbage-first heap   total 65536K, used 7823K [0x00000000c1200000, 0x0000000100000000)
  region size 1024K, 3 young (3072K), 3 survivors (3072K)
 Metaspace       used 7341K, capacity 7809K, committed 7936K, reserved 1056768K
  class space    used 814K, capacity 977K, committed 1024K, reserved 1048576K
}
Event: 3.271 GC heap before
{Heap before GC invocations=4 (full 0):
 garbage-first heap   total 65536K, used 43663K [0x00000000c1200000, 0x0000000100000000)
  region size 1024K, 38 young (38912K), 3 survivors (3072K)
 Metaspace       used 7350K, capacity 7873K, committed 7936K, reserved 1056768K
  class space    used 815K, capacity 977K, committed 1024K, reserved 1048576K
}
Event: 3.277 GC heap after
{Heap after GC invocations=5 (full 0):
 garbage-first heap   total 65536K, used 8926K [0x00000000c1200000, 0x0000000100000000)
  region size 1024K, 4 young (4096K), 4 survivors (4096K)
 Metaspace       used 7350K, capacity 7873K, committed 7936K, reserved 1056768K
  class space    used 815K, capacity 977K, committed 1024K, reserved 1048576K
}

